2022-01-03 21:26:54:2654 [31merror[39m: [31mThis is an error log[39m
2022-01-03 21:29:17:2917 [32minfo[39m: [32mApp rodando na porta: 3000[39m
2022-01-03 21:29:32:2932 [32minfo[39m: [32mApp rodando na porta: 3000[39m
2022-01-03 21:29:59:2959 [32minfo[39m: [32mDB Connected[39m
2022-01-03 21:29:59:2959 [32minfo[39m: [32mApp rodando na porta: 3000[39m
2022-01-03 21:30:04:304 [31merror[39m: [31mCould not connect to db[39m
2022-01-03 21:30:11:3011 [32minfo[39m: [32mDB Connected[39m
2022-01-03 21:30:11:3011 [32minfo[39m: [32mApp rodando na porta: 3000[39m
2022-01-03 21:32:12:3212 - [32minfo[39m: [32mDB Connected[39m
2022-01-03 21:32:12:3212 - [32minfo[39m: [32mApp rodando na porta: 3000[39m
2022-01-03 21:41:13:4113 - [32minfo[39m: [32mDB Connected[39m
2022-01-03 21:41:13:4113 - [32minfo[39m: [32mApp rodando na porta: 3000[39m
2022-01-03 21:41:29:4129 - [35mhttp[39m: [35mGET /api/test 200 11 - 2.035 ms[39m
[35m[39m
2022-01-04 08:13:53:1353 - [32minfo[39m: [32mDB Connected[39m
2022-01-04 08:13:53:1353 - [32minfo[39m: [32mApp rodando na porta: 3000[39m
2022-01-04 08:46:26:4626 - [32minfo[39m: [32mDB Connected[39m
2022-01-04 08:46:26:4626 - [32minfo[39m: [32mApp rodando na porta: 3000[39m
2022-01-04 08:46:29:4629 - [35mhttp[39m: [35mPOST /api/movie 201 120 - 174.055 ms[39m
[35m[39m
2022-01-04 08:50:38:5038 - [32minfo[39m: [32mDB Connected[39m
2022-01-04 08:50:38:5038 - [32minfo[39m: [32mApp rodando na porta: 3000[39m
2022-01-04 08:51:38:5138 - [32minfo[39m: [32mDB Connected[39m
2022-01-04 08:51:38:5138 - [32minfo[39m: [32mApp rodando na porta: 3000[39m
2022-01-04 08:52:01:521 - [32minfo[39m: [32mDB Connected[39m
2022-01-04 08:52:01:521 - [32minfo[39m: [32mApp rodando na porta: 3000[39m
2022-01-04 08:52:06:526 - [35mhttp[39m: [35mPOST /api/movie 201 120 - 183.930 ms[39m
[35m[39m
2022-01-04 08:52:40:5240 - [32minfo[39m: [32mDB Connected[39m
2022-01-04 08:52:40:5240 - [32minfo[39m: [32mApp rodando na porta: 3000[39m
2022-01-04 08:52:44:5244 - [32minfo[39m: [32mDB Connected[39m
2022-01-04 08:52:44:5244 - [32minfo[39m: [32mApp rodando na porta: 3000[39m
2022-01-04 08:52:48:5248 - [32minfo[39m: [32mDB Connected[39m
2022-01-04 08:52:48:5248 - [32minfo[39m: [32mApp rodando na porta: 3000[39m
2022-01-04 08:52:50:5250 - [35mhttp[39m: [35mPOST /api/movie 201 120 - 180.490 ms[39m
[35m[39m
2022-01-04 08:53:16:5316 - [32minfo[39m: [32mDB Connected[39m
2022-01-04 08:53:16:5316 - [32minfo[39m: [32mApp rodando na porta: 3000[39m
2022-01-04 08:53:18:5318 - [35mhttp[39m: [35mPOST /api/movie 201 120 - 185.934 ms[39m
[35m[39m
2022-01-06 11:55:48:5548 - [32minfo[39m: [32mDB Connected[39m
2022-01-06 11:55:48:5548 - [32minfo[39m: [32mApp rodando na porta: 3000[39m
2022-01-06 12:00:53:053 - [32minfo[39m: [32mDB Connected[39m
2022-01-06 12:00:53:053 - [32minfo[39m: [32mApp rodando na porta: 3000[39m
2022-01-06 12:02:19:219 - [32minfo[39m: [32mDB Connected[39m
2022-01-06 12:02:19:219 - [32minfo[39m: [32mApp rodando na porta: 3000[39m
2022-01-06 12:02:33:233 - [32minfo[39m: [32mDB Connected[39m
2022-01-06 12:02:33:233 - [32minfo[39m: [32mApp rodando na porta: 3000[39m
2022-01-06 12:02:37:237 - [35mhttp[39m: [35mPOST /api/movie 201 120 - 191.912 ms[39m
[35m[39m
2022-01-06 12:05:13:513 - [32minfo[39m: [32mDB Connected[39m
2022-01-06 12:05:13:513 - [32minfo[39m: [32mApp rodando na porta: 3000[39m
2022-01-06 12:06:35:635 - [32minfo[39m: [32mDB Connected[39m
2022-01-06 12:06:35:635 - [32minfo[39m: [32mApp rodando na porta: 3000[39m
2022-01-06 12:07:15:715 - [32minfo[39m: [32mDB Connected[39m
2022-01-06 12:07:15:715 - [32minfo[39m: [32mApp rodando na porta: 3000[39m
2022-01-06 12:07:25:725 - [32minfo[39m: [32mDB Connected[39m
2022-01-06 12:07:25:725 - [32minfo[39m: [32mApp rodando na porta: 3000[39m
2022-01-06 12:07:44:744 - [32minfo[39m: [32mDB Connected[39m
2022-01-06 12:07:44:744 - [32minfo[39m: [32mApp rodando na porta: 3000[39m
2022-01-06 12:07:52:752 - [32minfo[39m: [32mDB Connected[39m
2022-01-06 12:07:52:752 - [32minfo[39m: [32mApp rodando na porta: 3000[39m
2022-01-06 12:07:56:756 - [32minfo[39m: [32mDB Connected[39m
2022-01-06 12:07:56:756 - [32minfo[39m: [32mApp rodando na porta: 3000[39m
2022-01-06 12:08:02:82 - [32minfo[39m: [32mDB Connected[39m
2022-01-06 12:08:02:82 - [32minfo[39m: [32mApp rodando na porta: 3000[39m
2022-01-06 12:08:38:838 - [32minfo[39m: [32mDB Connected[39m
2022-01-06 12:08:38:838 - [32minfo[39m: [32mApp rodando na porta: 3000[39m
2022-01-06 12:12:17:1217 - [32minfo[39m: [32mDB Connected[39m
2022-01-06 12:12:17:1217 - [32minfo[39m: [32mApp rodando na porta: 3000[39m
2022-01-06 12:12:19:1219 - [35mhttp[39m: [35mPOST /api/movie 422 38 - 4.455 ms[39m
[35m[39m
2022-01-06 12:14:46:1446 - [32minfo[39m: [32mDB Connected[39m
2022-01-06 12:14:46:1446 - [32minfo[39m: [32mApp rodando na porta: 3000[39m
2022-01-06 12:15:11:1511 - [32minfo[39m: [32mDB Connected[39m
2022-01-06 12:15:11:1511 - [32minfo[39m: [32mApp rodando na porta: 3000[39m
2022-01-06 12:15:16:1516 - [35mhttp[39m: [35mPOST /api/movie 422 38 - 4.481 ms[39m
[35m[39m
2022-01-06 12:15:46:1546 - [32minfo[39m: [32mDB Connected[39m
2022-01-06 12:15:46:1546 - [32minfo[39m: [32mApp rodando na porta: 3000[39m
2022-01-06 12:15:47:1547 - [35mhttp[39m: [35mPOST /api/movie 422 50 - 4.731 ms[39m
[35m[39m
2022-01-06 12:18:09:189 - [32minfo[39m: [32mDB Connected[39m
2022-01-06 12:18:09:189 - [32minfo[39m: [32mApp rodando na porta: 3000[39m
2022-01-06 12:18:14:1814 - [35mhttp[39m: [35mPOST /api/movie 422 110 - 4.704 ms[39m
[35m[39m
2022-01-06 12:22:41:2241 - [32minfo[39m: [32mDB Connected[39m
2022-01-06 12:22:41:2241 - [32minfo[39m: [32mApp rodando na porta: 3000[39m
2022-01-06 12:22:42:2242 - [35mhttp[39m: [35mPOST /api/movie 422 110 - 5.114 ms[39m
[35m[39m
2022-01-06 19:57:58:5758 - [32minfo[39m: [32mDB Connected[39m
2022-01-06 19:57:58:5758 - [32minfo[39m: [32mApp rodando na porta: 3000[39m
2022-01-06 20:00:36:036 - [32minfo[39m: [32mDB Connected[39m
2022-01-06 20:00:36:036 - [32minfo[39m: [32mApp rodando na porta: 3000[39m
2022-01-06 20:00:41:041 - [32minfo[39m: [32mDB Connected[39m
2022-01-06 20:00:41:041 - [32minfo[39m: [32mApp rodando na porta: 3000[39m
2022-01-06 20:01:15:115 - [32minfo[39m: [32mDB Connected[39m
2022-01-06 20:01:15:115 - [32minfo[39m: [32mApp rodando na porta: 3000[39m
2022-01-06 20:01:55:155 - [35mhttp[39m: [35mPOST /api/movie 422 181 - 5.809 ms[39m
[35m[39m
2022-01-06 20:02:12:212 - [35mhttp[39m: [35mPOST /api/movie 422 83 - 1.239 ms[39m
[35m[39m
2022-01-06 20:02:20:220 - [35mhttp[39m: [35mPOST /api/movie 422 55 - 1.083 ms[39m
[35m[39m
2022-01-06 20:03:19:319 - [35mhttp[39m: [35mPOST /api/movie 422 39 - 0.920 ms[39m
[35m[39m
2022-01-06 20:03:46:346 - [32minfo[39m: [32mDB Connected[39m
2022-01-06 20:03:46:346 - [32minfo[39m: [32mApp rodando na porta: 3000[39m
2022-01-06 20:03:47:347 - [35mhttp[39m: [35mPOST /api/movie 201 181 - 1171.616 ms[39m
[35m[39m
2022-01-06 20:04:14:414 - [32minfo[39m: [32mDB Connected[39m
2022-01-06 20:04:14:414 - [32minfo[39m: [32mApp rodando na porta: 3000[39m
2022-01-06 20:05:02:52 - [32minfo[39m: [32mDB Connected[39m
2022-01-06 20:05:02:52 - [32minfo[39m: [32mApp rodando na porta: 3000[39m
2022-01-06 20:05:28:528 - [32minfo[39m: [32mDB Connected[39m
2022-01-06 20:05:28:528 - [32minfo[39m: [32mApp rodando na porta: 3000[39m
2022-01-06 20:05:30:530 - [35mhttp[39m: [35mPOST /api/movie 422 154 - 5.990 ms[39m
[35m[39m
2022-01-06 20:05:46:546 - [35mhttp[39m: [35mPOST /api/movie 422 105 - 1.890 ms[39m
[35m[39m
2022-01-06 20:06:22:622 - [35mhttp[39m: [35mPOST /api/movie 422 55 - 1.493 ms[39m
[35m[39m
2022-01-06 20:07:46:746 - [35mhttp[39m: [35mPOST /api/movie 201 443 - 200.000 ms[39m
[35m[39m
2022-01-06 20:12:24:1224 - [32minfo[39m: [32mDB Connected[39m
2022-01-06 20:12:24:1224 - [32minfo[39m: [32mApp rodando na porta: 3000[39m
2022-01-06 20:12:28:1228 - [32minfo[39m: [32mDB Connected[39m
2022-01-06 20:12:28:1228 - [32minfo[39m: [32mApp rodando na porta: 3000[39m
2022-01-06 20:12:35:1235 - [32minfo[39m: [32mDB Connected[39m
2022-01-06 20:12:35:1235 - [32minfo[39m: [32mApp rodando na porta: 3000[39m
2022-01-06 20:12:39:1239 - [32minfo[39m: [32mDB Connected[39m
2022-01-06 20:12:39:1239 - [32minfo[39m: [32mApp rodando na porta: 3000[39m
2022-01-06 20:12:47:1247 - [35mhttp[39m: [35mPOST /api/movie 422 55 - 8.636 ms[39m
[35m[39m
2022-01-06 20:13:04:134 - [32minfo[39m: [32mDB Connected[39m
2022-01-06 20:13:04:134 - [32minfo[39m: [32mApp rodando na porta: 3000[39m
2022-01-06 20:13:23:1323 - [32minfo[39m: [32mDB Connected[39m
2022-01-06 20:13:23:1323 - [32minfo[39m: [32mApp rodando na porta: 3000[39m
2022-01-06 20:13:27:1327 - [35mhttp[39m: [35mPOST /api/movie 201 443 - 189.879 ms[39m
[35m[39m
2022-01-06 20:14:21:1421 - [32minfo[39m: [32mDB Connected[39m
2022-01-06 20:14:21:1421 - [32minfo[39m: [32mApp rodando na porta: 3000[39m
2022-01-06 20:14:44:1444 - [32minfo[39m: [32mDB Connected[39m
2022-01-06 20:14:44:1444 - [32minfo[39m: [32mApp rodando na porta: 3000[39m
2022-01-06 20:15:08:158 - [35mhttp[39m: [35mGET /api/movie/61d777976451e06adebee0bd 201 443 - 184.301 ms[39m
[35m[39m
2022-01-06 20:16:35:1635 - [32minfo[39m: [32mDB Connected[39m
2022-01-06 20:16:35:1635 - [32minfo[39m: [32mApp rodando na porta: 3000[39m
2022-01-06 20:16:37:1637 - [35mhttp[39m: [35mGET /api/movie 201 1731 - 172.974 ms[39m
[35m[39m
2022-01-06 20:34:12:3412 - [32minfo[39m: [32mDB Connected[39m
2022-01-06 20:34:12:3412 - [32minfo[39m: [32mApp rodando na porta: 3000[39m
2022-01-06 20:34:19:3419 - [32minfo[39m: [32mDB Connected[39m
2022-01-06 20:34:19:3419 - [32minfo[39m: [32mApp rodando na porta: 3000[39m
2022-01-06 20:34:29:3429 - [32minfo[39m: [32mDB Connected[39m
2022-01-06 20:34:29:3429 - [32minfo[39m: [32mApp rodando na porta: 3000[39m
2022-01-06 20:34:36:3436 - [35mhttp[39m: [35mGET /api/movie/61d777976451e06adebee0b2 404 32 - 168.200 ms[39m
[35m[39m
2022-01-06 20:34:46:3446 - [35mhttp[39m: [35mPOST /api/movie 422 55 - 8.181 ms[39m
[35m[39m
2022-01-06 20:35:19:3519 - [32minfo[39m: [32mDB Connected[39m
2022-01-06 20:35:19:3519 - [32minfo[39m: [32mApp rodando na porta: 3000[39m
2022-01-06 20:37:31:3731 - [32minfo[39m: [32mDB Connected[39m
2022-01-06 20:37:31:3731 - [32minfo[39m: [32mApp rodando na porta: 3000[39m
2022-01-06 20:37:45:3745 - [32minfo[39m: [32mDB Connected[39m
2022-01-06 20:37:45:3745 - [32minfo[39m: [32mApp rodando na porta: 3000[39m
2022-01-06 20:38:02:382 - [32minfo[39m: [32mDB Connected[39m
2022-01-06 20:38:02:382 - [32minfo[39m: [32mApp rodando na porta: 3000[39m
2022-01-06 20:38:09:389 - [32minfo[39m: [32mDB Connected[39m
2022-01-06 20:38:09:389 - [32minfo[39m: [32mApp rodando na porta: 3000[39m
2022-01-06 20:38:13:3813 - [35mhttp[39m: [35mGET /api/movie 200 1731 - 185.269 ms[39m
[35m[39m
2022-01-06 20:38:36:3836 - [35mhttp[39m: [35mDELETE /api/movie/61d43395c686a30a3f3b8581 201 37 - 339.680 ms[39m
[35m[39m
2022-01-06 20:38:40:3840 - [35mhttp[39m: [35mDELETE /api/movie/61d43395c686a30a3f3b8581 404 32 - 172.022 ms[39m
[35m[39m
2022-01-07 08:29:57:2957 - [32minfo[39m: [32mDB Connected[39m
2022-01-07 08:29:57:2957 - [32minfo[39m: [32mApp rodando na porta: 3000[39m
2022-01-07 08:48:27:4827 - [32minfo[39m: [32mDB Connected[39m
2022-01-07 08:48:27:4827 - [32minfo[39m: [32mApp rodando na porta: 3000[39m
2022-01-07 11:12:55:1255 - [31merror[39m: [31mCould not connect to db[39m
2022-01-07 11:18:34:1834 - [32minfo[39m: [32mDB Connected[39m
2022-01-07 11:18:34:1834 - [32minfo[39m: [32mApp rodando na porta: 3000[39m
2022-01-07 11:18:50:1850 - [35mhttp[39m: [35mGET /api/movie 200 1599 - 197.431 ms[39m
[35m[39m
2022-01-07 11:20:05:205 - [32minfo[39m: [32mDB Connected[39m
2022-01-07 11:20:05:205 - [32minfo[39m: [32mApp rodando na porta: 3000[39m
2022-01-07 11:23:29:2329 - [32minfo[39m: [32mDB Connected[39m
2022-01-07 11:23:29:2329 - [32minfo[39m: [32mApp rodando na porta: 3000[39m
2022-01-07 11:23:45:2345 - [32minfo[39m: [32mDB Connected[39m
2022-01-07 11:23:45:2345 - [32minfo[39m: [32mApp rodando na porta: 3000[39m
2022-01-07 11:27:11:2711 - [32minfo[39m: [32mDB Connected[39m
2022-01-07 11:27:11:2711 - [32minfo[39m: [32mApp rodando na porta: 3000[39m
2022-01-07 11:27:28:2728 - [35mhttp[39m: [35mPATCH /api/movie/61d777976451e06adebee0bd 422 296 - 9.468 ms[39m
[35m[39m
2022-01-07 11:29:46:2946 - [35mhttp[39m: [35mGET /api/movie 200 1599 - 199.844 ms[39m
[35m[39m
2022-01-07 11:29:56:2956 - [35mhttp[39m: [35mGET /api/movie/61d434e6967637d429d0dcfe 200 131 - 202.698 ms[39m
[35m[39m
2022-01-07 11:30:17:3017 - [35mhttp[39m: [35mPATCH /api/movie/61d434e6967637d429d0dcfe 422 198 - 1.944 ms[39m
[35m[39m
2022-01-07 11:30:24:3024 - [35mhttp[39m: [35mPATCH /api/movie/61d434e6967637d429d0dcfe 422 154 - 2.459 ms[39m
[35m[39m
2022-01-07 11:30:34:3034 - [35mhttp[39m: [35mPATCH /api/movie/61d434e6967637d429d0dcfe 422 105 - 1.215 ms[39m
[35m[39m
2022-01-07 11:30:41:3041 - [35mhttp[39m: [35mPATCH /api/movie/61d434e6967637d429d0dcfe 422 55 - 1.013 ms[39m
[35m[39m
2022-01-07 11:30:48:3048 - [35mhttp[39m: [35mPATCH /api/movie/61d434e6967637d429d0dcfe 200 92 - 388.919 ms[39m
[35m[39m
2022-01-07 11:31:10:3110 - [32minfo[39m: [32mDB Connected[39m
2022-01-07 11:31:10:3110 - [32minfo[39m: [32mApp rodando na porta: 3000[39m
2022-01-07 11:31:11:3111 - [35mhttp[39m: [35mPATCH /api/movie/61d434e6967637d429d0dcfe 200 117 - 3304.597 ms[39m
[35m[39m
2022-01-07 11:31:17:3117 - [35mhttp[39m: [35mGET /api/movie/61d434e6967637d429d0dcfe 200 247 - 183.140 ms[39m
[35m[39m
2022-01-07 11:32:39:3239 - [35mhttp[39m: [35mGET /api/movie 200 1715 - 181.741 ms[39m
[35m[39m
2022-01-07 11:58:14:5814 - [32minfo[39m: [32mDB Connected[39m
2022-01-07 11:58:14:5814 - [32minfo[39m: [32mApp rodando na porta: 3000[39m
2022-01-07 11:58:25:5825 - [32minfo[39m: [32mDB Connected[39m
2022-01-07 11:58:25:5825 - [32minfo[39m: [32mApp rodando na porta: 3000[39m
2022-06-01 19:02:45:245 - [31merror[39m: [31mCould not connect to db[39m
2022-06-01 19:04:21:421 - [31merror[39m: [31mCould not connect to db[39m
2022-06-01 19:06:20:620 - [31merror[39m: [31mCould not connect to db[39m
2022-06-01 19:07:40:740 - [31merror[39m: [31mCould not connect to db[39m
2022-06-01 19:09:20:920 - [31merror[39m: [31mCould not connect to db[39m
2022-06-01 19:15:59:1559 - [31merror[39m: [31mCould not connect to db[39m
2022-06-01 19:16:41:1641 - [31merror[39m: [31mCould not connect to db[39m
2022-06-01 19:17:51:1751 - [31merror[39m: [31mCould not connect to db[39m
2022-06-01 19:31:52:3152 - [31merror[39m: [31mCould not connect to db[39m
2022-06-01 19:32:45:3245 - [31merror[39m: [31mCould not connect to db[39m
2022-06-01 19:32:49:3249 - [31merror[39m: [31mCould not connect to db[39m
2022-06-01 19:33:02:332 - [32minfo[39m: [32mDB Connected[39m
2022-06-01 19:33:02:332 - [32minfo[39m: [32mApp rodando na porta: 5000[39m
2022-06-01 19:49:06:496 - [32minfo[39m: [32mDB Connected[39m
2022-06-01 19:49:06:496 - [32minfo[39m: [32mApp rodando na porta: 5000[39m
2022-06-01 19:49:41:4941 - [31merror[39m: [31mCould not connect to db[39m
2022-06-01 19:49:57:4957 - [31merror[39m: [31mCould not connect to db[39m
2022-06-01 19:50:05:505 - [31merror[39m: [31mCould not connect to db[39m
2022-06-01 19:50:08:508 - [31merror[39m: [31mCould not connect to db[39m
2022-06-01 19:50:29:5029 - [32minfo[39m: [32mDB Connected[39m
2022-06-01 19:50:29:5029 - [32minfo[39m: [32mApp rodando na porta: 5000[39m
2022-06-01 19:51:37:5137 - [35mhttp[39m: [35mPOST /api/movies 404 150 - 3.144 ms[39m
[35m[39m
2022-06-01 19:52:24:5224 - [35mhttp[39m: [35mGET /api/movie 200 2 - 72.110 ms[39m
[35m[39m
2022-06-01 19:53:06:536 - [35mhttp[39m: [35mGET /api/movie 200 2 - 63.600 ms[39m
[35m[39m
2022-06-01 19:53:07:537 - [35mhttp[39m: [35mGET /api/movie 200 2 - 61.251 ms[39m
[35m[39m
2022-06-01 19:54:27:5427 - [35mhttp[39m: [35mPOST /api/movie 422 55 - 7.905 ms[39m
[35m[39m
2022-06-01 19:55:12:5512 - [35mhttp[39m: [35mPOST /api/movie 201 362 - 131.462 ms[39m
[35m[39m
2022-06-01 19:55:31:5531 - [35mhttp[39m: [35mGET /api/movie 200 364 - 72.359 ms[39m
[35m[39m
2022-06-01 19:55:40:5540 - [35mhttp[39m: [35mPOST /api/movies 404 150 - 0.542 ms[39m
[35m[39m
2022-06-01 19:55:43:5543 - [35mhttp[39m: [35mPOST /api/movie 422 296 - 1.514 ms[39m
[35m[39m
2022-06-01 19:55:49:5549 - [35mhttp[39m: [35mGET /api/movie 200 364 - 61.853 ms[39m
[35m[39m
2022-06-01 19:57:08:578 - [31merror[39m: [31mCould not connect to db[39m
2022-06-01 19:58:09:589 - [31merror[39m: [31mCould not connect to db[39m
2022-06-01 19:58:12:5812 - [31merror[39m: [31mCould not connect to db[39m
2022-06-01 19:58:16:5816 - [31merror[39m: [31mCould not connect to db[39m
2022-06-01 19:58:21:5821 - [31merror[39m: [31mCould not connect to db[39m
2022-06-01 19:58:29:5829 - [31merror[39m: [31mCould not connect to db[39m
2022-06-01 19:58:53:5853 - [31merror[39m: [31mCould not connect to db[39m
2022-06-01 19:58:58:5858 - [31merror[39m: [31mCould not connect to db[39m
2022-06-01 19:59:01:591 - [31merror[39m: [31mCould not connect to db[39m
2022-06-01 19:59:08:598 - [31merror[39m: [31mCould not connect to db[39m
2022-06-01 19:59:14:5914 - [31merror[39m: [31mCould not connect to db[39m
2022-06-01 19:59:17:5917 - [31merror[39m: [31mCould not connect to db[39m
2022-06-01 20:00:20:020 - [31merror[39m: [31mCould not connect to db[39m
2022-06-01 20:00:36:036 - [32minfo[39m: [32mDB Connected[39m
2022-06-01 20:00:36:036 - [32minfo[39m: [32mApp rodando na porta: 5000[39m
2022-06-01 20:00:42:042 - [32minfo[39m: [32mDB Connected[39m
2022-06-01 20:00:42:042 - [32minfo[39m: [32mApp rodando na porta: 5000[39m
2022-06-01 20:03:50:350 - [31merror[39m: [31mCould not connect to db[39m
2022-06-01 20:04:01:41 - [32minfo[39m: [32mDB Connected[39m
2022-06-01 20:04:01:41 - [32minfo[39m: [32mApp rodando na porta: 5000[39m
2022-06-01 20:04:22:422 - [32minfo[39m: [32mDB Connected[39m
2022-06-01 20:04:22:422 - [32minfo[39m: [32mApp rodando na porta: 5000[39m
2022-06-01 20:09:03:93 - [32minfo[39m: [32mDB Connected[39m
2022-06-01 20:09:03:93 - [32minfo[39m: [32mApp rodando na porta: 5000[39m
2022-06-01 20:22:10:2210 - [32minfo[39m: [32mDB Connected[39m
2022-06-01 20:22:10:2210 - [32minfo[39m: [32mApp rodando na porta: 5000[39m
2022-06-01 20:22:19:2219 - [35mhttp[39m: [35mGET /api/movie 200 364 - 86.123 ms[39m
[35m[39m
2022-06-01 20:22:19:2219 - [35mhttp[39m: [35mGET /api/movie 200 364 - 56.539 ms[39m
[35m[39m
2022-06-01 20:22:52:2252 - [35mhttp[39m: [35mGET /api/movie 200 364 - 52.545 ms[39m
[35m[39m
2022-06-01 20:22:52:2252 - [35mhttp[39m: [35mGET /api/movie 200 364 - 51.107 ms[39m
[35m[39m
2022-06-01 20:27:31:2731 - [32minfo[39m: [32mDB Connected[39m
2022-06-01 20:27:31:2731 - [32minfo[39m: [32mApp rodando na porta: 5000[39m
2022-06-01 20:27:54:2754 - [32minfo[39m: [32mDB Connected[39m
2022-06-01 20:27:54:2754 - [32minfo[39m: [32mApp rodando na porta: 5000[39m
2022-06-01 20:28:00:280 - [35mhttp[39m: [35mGET /api/movie 200 364 - 72.095 ms[39m
[35m[39m
2022-06-01 20:28:01:281 - [35mhttp[39m: [35mGET /api/movie 304 - - 57.237 ms[39m
[35m[39m
2022-06-01 20:30:15:3015 - [35mhttp[39m: [35mGET /api/movie 304 - - 55.487 ms[39m
[35m[39m
2022-06-01 20:30:18:3018 - [35mhttp[39m: [35mGET /api/movie 304 - - 55.541 ms[39m
[35m[39m
2022-06-01 20:30:20:3020 - [35mhttp[39m: [35mGET /api/movie 304 - - 53.738 ms[39m
[35m[39m
2022-06-01 20:30:36:3036 - [35mhttp[39m: [35mGET /api/movie 304 - - 53.863 ms[39m
[35m[39m
2022-06-01 20:30:40:3040 - [35mhttp[39m: [35mGET /api/movie 304 - - 54.119 ms[39m
[35m[39m
2022-06-01 20:30:53:3053 - [35mhttp[39m: [35mGET /api/movie 304 - - 57.831 ms[39m
[35m[39m
2022-06-01 20:30:58:3058 - [35mhttp[39m: [35mGET /api/movie 304 - - 57.468 ms[39m
[35m[39m
2022-06-01 20:31:02:312 - [35mhttp[39m: [35mGET /api/movie 304 - - 60.080 ms[39m
[35m[39m
2022-06-01 20:31:04:314 - [35mhttp[39m: [35mGET /api/movie 304 - - 57.024 ms[39m
[35m[39m
2022-06-01 20:31:06:316 - [35mhttp[39m: [35mGET /api/movie 304 - - 64.089 ms[39m
[35m[39m
2022-06-01 20:31:08:318 - [35mhttp[39m: [35mGET /api/movie 304 - - 51.636 ms[39m
[35m[39m
2022-06-01 20:31:11:3111 - [35mhttp[39m: [35mGET /api/movie 304 - - 57.241 ms[39m
[35m[39m
2022-06-01 20:31:15:3115 - [35mhttp[39m: [35mGET /api/movie 304 - - 53.599 ms[39m
[35m[39m
2022-06-01 20:31:19:3119 - [35mhttp[39m: [35mGET /api/movie 304 - - 53.696 ms[39m
[35m[39m
2022-06-01 20:31:22:3122 - [35mhttp[39m: [35mGET /api/movie 304 - - 51.295 ms[39m
[35m[39m
2022-06-01 20:31:31:3131 - [35mhttp[39m: [35mGET /api/movie 304 - - 52.607 ms[39m
[35m[39m
2022-06-01 20:31:36:3136 - [35mhttp[39m: [35mGET /api/movie 304 - - 51.810 ms[39m
[35m[39m
2022-06-01 20:31:43:3143 - [35mhttp[39m: [35mGET /api/movie 304 - - 50.886 ms[39m
[35m[39m
2022-06-01 20:32:45:3245 - [35mhttp[39m: [35mGET /api/movie 304 - - 53.284 ms[39m
[35m[39m
2022-06-01 20:32:51:3251 - [35mhttp[39m: [35mGET /api/movie 304 - - 52.446 ms[39m
[35m[39m
2022-06-01 20:32:54:3254 - [35mhttp[39m: [35mGET /api/movie 304 - - 52.127 ms[39m
[35m[39m
2022-06-01 20:32:56:3256 - [35mhttp[39m: [35mGET /api/movie 304 - - 61.105 ms[39m
[35m[39m
2022-06-01 20:33:00:330 - [35mhttp[39m: [35mGET /api/movie 304 - - 56.892 ms[39m
[35m[39m
2022-06-01 20:33:01:331 - [35mhttp[39m: [35mGET /api/movie 304 - - 50.902 ms[39m
[35m[39m
2022-06-01 20:33:05:335 - [35mhttp[39m: [35mGET /api/movie 304 - - 61.117 ms[39m
[35m[39m
2022-06-01 20:33:09:339 - [35mhttp[39m: [35mGET /api/movie 304 - - 53.934 ms[39m
[35m[39m
2022-06-01 20:33:23:3323 - [35mhttp[39m: [35mGET /api/movie 304 - - 52.698 ms[39m
[35m[39m
2022-06-01 20:33:27:3327 - [35mhttp[39m: [35mGET /api/movie 304 - - 52.704 ms[39m
[35m[39m
2022-06-01 20:33:32:3332 - [35mhttp[39m: [35mGET /api/movie 304 - - 50.509 ms[39m
[35m[39m
2022-06-01 20:33:48:3348 - [35mhttp[39m: [35mGET /api/movie 304 - - 56.989 ms[39m
[35m[39m
2022-06-01 20:33:53:3353 - [35mhttp[39m: [35mGET /api/movie 304 - - 51.262 ms[39m
[35m[39m
2022-06-01 20:33:55:3355 - [35mhttp[39m: [35mGET /api/movie 304 - - 53.321 ms[39m
[35m[39m
2022-06-01 20:33:59:3359 - [35mhttp[39m: [35mGET /api/movie 304 - - 50.570 ms[39m
[35m[39m
2022-06-01 20:34:00:340 - [35mhttp[39m: [35mGET /api/movie 304 - - 52.267 ms[39m
[35m[39m
2022-06-01 20:34:02:342 - [35mhttp[39m: [35mGET /api/movie 304 - - 52.076 ms[39m
[35m[39m
2022-06-01 20:34:21:3421 - [35mhttp[39m: [35mGET /api/movie 304 - - 54.319 ms[39m
[35m[39m
2022-06-01 20:34:28:3428 - [35mhttp[39m: [35mGET /api/movie 304 - - 56.913 ms[39m
[35m[39m
2022-06-01 20:35:07:357 - [35mhttp[39m: [35mGET /api/movie 304 - - 62.720 ms[39m
[35m[39m
2022-06-01 20:35:13:3513 - [35mhttp[39m: [35mGET /api/movie 304 - - 54.037 ms[39m
[35m[39m
2022-06-01 20:35:13:3513 - [35mhttp[39m: [35mGET /api/movie 304 - - 50.391 ms[39m
[35m[39m
2022-06-01 20:35:23:3523 - [35mhttp[39m: [35mGET /api/movie 304 - - 49.872 ms[39m
[35m[39m
2022-06-01 20:35:39:3539 - [35mhttp[39m: [35mGET /api/movie 304 - - 51.023 ms[39m
[35m[39m
2022-06-01 20:35:46:3546 - [35mhttp[39m: [35mGET /api/movie 304 - - 50.987 ms[39m
[35m[39m
2022-06-01 20:36:37:3637 - [35mhttp[39m: [35mGET /api/movie 304 - - 50.969 ms[39m
[35m[39m
2022-06-02 11:21:28:2128 - [31merror[39m: [31mCould not connect to db[39m
2022-06-02 11:22:44:2244 - [31merror[39m: [31mCould not connect to db[39m
2022-06-02 11:24:05:245 - [32minfo[39m: [32mDB Connected[39m
2022-06-02 11:24:05:245 - [32minfo[39m: [32mApp rodando na porta: 5000[39m
2022-06-02 12:46:12:4612 - [32minfo[39m: [32mDB Connected[39m
2022-06-02 12:46:12:4612 - [32minfo[39m: [32mApp rodando na porta: 5000[39m
2022-06-02 12:46:38:4638 - [35mhttp[39m: [35mGET /api/movie 200 364 - 91.450 ms[39m
[35m[39m
2022-06-02 12:46:38:4638 - [35mhttp[39m: [35mGET /api/movie 304 - - 67.934 ms[39m
[35m[39m
2022-06-02 12:48:05:485 - [35mhttp[39m: [35mGET /api/movie 304 - - 66.301 ms[39m
[35m[39m
2022-06-02 12:48:06:486 - [35mhttp[39m: [35mGET /api/movie 304 - - 69.704 ms[39m
[35m[39m
2022-06-02 12:48:22:4822 - [35mhttp[39m: [35mGET /api/movie 304 - - 69.207 ms[39m
[35m[39m
2022-06-02 12:49:11:4911 - [35mhttp[39m: [35mGET /api/movie 304 - - 65.138 ms[39m
[35m[39m
2022-06-02 12:49:23:4923 - [35mhttp[39m: [35mGET /api/movie 304 - - 70.795 ms[39m
[35m[39m
2022-06-02 12:49:38:4938 - [35mhttp[39m: [35mGET /api/movie 304 - - 66.730 ms[39m
[35m[39m
2022-06-02 12:50:47:5047 - [35mhttp[39m: [35mGET /api/movie 304 - - 142.101 ms[39m
[35m[39m
2022-06-02 12:52:42:5242 - [35mhttp[39m: [35mGET /api/movie 304 - - 65.284 ms[39m
[35m[39m
2022-06-02 12:53:44:5344 - [35mhttp[39m: [35mGET /api/movie 304 - - 65.670 ms[39m
[35m[39m
2022-06-02 12:56:23:5623 - [35mhttp[39m: [35mGET /api/movie 304 - - 95.621 ms[39m
[35m[39m
2022-06-02 12:57:53:5753 - [35mhttp[39m: [35mGET /api/movie 304 - - 70.454 ms[39m
[35m[39m
2022-06-02 13:15:10:1510 - [35mhttp[39m: [35mGET /api/movie 200 364 - 100.674 ms[39m
[35m[39m
2022-06-02 13:20:41:2041 - [35mhttp[39m: [35mPOST /api/movie 422 281 - 5.823 ms[39m
[35m[39m
2022-06-02 13:21:07:217 - [35mhttp[39m: [35mPOST /api/movie 422 190 - 3.572 ms[39m
[35m[39m
2022-06-02 13:23:07:237 - [35mhttp[39m: [35mPOST /api/movie 201 615 - 95.813 ms[39m
[35m[39m
2022-06-02 13:23:13:2313 - [35mhttp[39m: [35mGET /api/movie 200 980 - 69.787 ms[39m
[35m[39m
2022-06-02 13:23:13:2313 - [35mhttp[39m: [35mGET /api/movie 200 980 - 439.696 ms[39m
[35m[39m
2022-06-02 13:41:03:413 - [35mhttp[39m: [35mGET /api/movie 200 980 - 73.844 ms[39m
[35m[39m
2022-06-02 13:43:29:4329 - [35mhttp[39m: [35mGET /api/movie 200 980 - 59.712 ms[39m
[35m[39m
2022-06-02 20:46:09:469 - [31merror[39m: [31mCould not connect to db[39m
2022-06-02 20:47:07:477 - [32minfo[39m: [32mDB Connected[39m
2022-06-02 20:47:07:477 - [32minfo[39m: [32mApp rodando na porta: 5000[39m
2022-06-02 20:47:13:4713 - [35mhttp[39m: [35mGET /api/movie 200 980 - 69.061 ms[39m
[35m[39m
2022-06-03 10:38:09:389 - [32minfo[39m: [32mDB Connected[39m
2022-06-03 10:38:09:389 - [32minfo[39m: [32mApp rodando na porta: 5000[39m
2022-06-03 10:38:26:3826 - [35mhttp[39m: [35mGET /api/movie 200 980 - 87.147 ms[39m
[35m[39m
2022-06-03 12:17:31:1731 - [32minfo[39m: [32mDB Connected[39m
2022-06-03 12:17:31:1731 - [32minfo[39m: [32mApp rodando na porta: 5000[39m
2022-06-03 12:17:54:1754 - [35mhttp[39m: [35mGET /api/movie 200 980 - 108.100 ms[39m
[35m[39m
2022-06-03 12:21:03:213 - [35mhttp[39m: [35mPOST /api/movie 422 59 - 14.752 ms[39m
[35m[39m
2022-06-03 12:21:15:2115 - [35mhttp[39m: [35mPOST /api/movie 201 948 - 98.186 ms[39m
[35m[39m
2022-06-03 12:21:19:2119 - [35mhttp[39m: [35mGET /api/movie 200 1929 - 68.251 ms[39m
[35m[39m
2022-06-03 12:21:34:2134 - [35mhttp[39m: [35mGET /api/movie 200 1929 - 71.534 ms[39m
[35m[39m
2022-06-03 12:54:08:548 - [35mhttp[39m: [35mPOST /api/movie 201 1104 - 78.072 ms[39m
[35m[39m
2022-06-03 12:54:12:5412 - [35mhttp[39m: [35mGET /api/movie 200 3034 - 74.064 ms[39m
[35m[39m
2022-06-03 12:54:41:5441 - [35mhttp[39m: [35mPOST /api/movie 201 805 - 75.986 ms[39m
[35m[39m
2022-06-03 12:54:44:5444 - [35mhttp[39m: [35mGET /api/movie 200 3840 - 92.116 ms[39m
[35m[39m
2022-06-03 13:10:03:103 - [35mhttp[39m: [35mPOST /api/movie 201 565 - 84.216 ms[39m
[35m[39m
2022-06-03 13:10:28:1028 - [35mhttp[39m: [35mGET /api/movie 200 4406 - 70.254 ms[39m
[35m[39m
2022-06-03 13:17:14:1714 - [35mhttp[39m: [35mGET /api/movie 200 4406 - 72.095 ms[39m
[35m[39m
2022-06-03 13:30:54:3054 - [35mhttp[39m: [35mGET /api/movie 200 4406 - 70.808 ms[39m
[35m[39m
2022-06-03 13:30:59:3059 - [35mhttp[39m: [35mPOST /api/movie 422 153 - 1.431 ms[39m
[35m[39m
2022-06-03 13:31:26:3126 - [35mhttp[39m: [35mPOST /api/movie 422 153 - 1.222 ms[39m
[35m[39m
2022-06-03 13:33:43:3343 - [35mhttp[39m: [35mPOST /api/movie 422 153 - 1.133 ms[39m
[35m[39m
2022-06-03 13:34:02:342 - [35mhttp[39m: [35mPOST /api/movie 422 153 - 2.666 ms[39m
[35m[39m
2022-06-03 13:35:12:3512 - [35mhttp[39m: [35mPOST /api/movie 422 153 - 1.247 ms[39m
[35m[39m
2022-06-03 13:35:22:3522 - [35mhttp[39m: [35mPOST /api/movie 422 153 - 1.438 ms[39m
[35m[39m
2022-06-03 13:37:26:3726 - [35mhttp[39m: [35mGET /api/movie 200 4406 - 72.591 ms[39m
[35m[39m
2022-06-03 13:40:38:4038 - [35mhttp[39m: [35mPOST /api/movie 422 153 - 1.119 ms[39m
[35m[39m
2022-06-03 13:40:53:4053 - [35mhttp[39m: [35mPOST /api/movie 422 110 - 1.168 ms[39m
[35m[39m
2022-06-03 13:41:09:419 - [35mhttp[39m: [35mPOST /api/movie 422 110 - 0.925 ms[39m
[35m[39m
2022-06-03 13:42:13:4213 - [35mhttp[39m: [35mPOST /api/movie 422 110 - 1.214 ms[39m
[35m[39m
2022-06-03 13:42:41:4241 - [35mhttp[39m: [35mPOST /api/movie 422 110 - 1.326 ms[39m
[35m[39m
2022-06-03 13:42:48:4248 - [35mhttp[39m: [35mPOST /api/movie 422 110 - 1.473 ms[39m
[35m[39m
2022-06-03 13:43:19:4319 - [35mhttp[39m: [35mPOST /api/movie 422 110 - 1.049 ms[39m
[35m[39m
2022-06-03 13:43:28:4328 - [35mhttp[39m: [35mPOST /api/movie 422 110 - 1.287 ms[39m
[35m[39m
2022-06-03 13:44:45:4445 - [35mhttp[39m: [35mPOST /api/movie 422 110 - 2.283 ms[39m
[35m[39m
2022-06-03 13:44:58:4458 - [35mhttp[39m: [35mPOST /api/movie 422 110 - 1.195 ms[39m
[35m[39m
2022-06-03 13:46:35:4635 - [35mhttp[39m: [35mPOST /api/movie 422 110 - 1.544 ms[39m
[35m[39m
2022-06-03 13:46:51:4651 - [35mhttp[39m: [35mPOST /api/movie 422 110 - 3.037 ms[39m
[35m[39m
2022-06-03 13:48:26:4826 - [35mhttp[39m: [35mPOST /api/movie 422 110 - 1.917 ms[39m
[35m[39m
2022-06-03 13:48:52:4852 - [35mhttp[39m: [35mPOST /api/movie 422 110 - 1.100 ms[39m
[35m[39m
2022-06-03 13:49:22:4922 - [35mhttp[39m: [35mPOST /api/movie 422 110 - 1.281 ms[39m
[35m[39m
2022-06-03 13:49:37:4937 - [35mhttp[39m: [35mPOST /api/movie 422 110 - 1.442 ms[39m
[35m[39m
2022-06-03 13:49:49:4949 - [35mhttp[39m: [35mPOST /api/movie 422 110 - 1.234 ms[39m
[35m[39m
2022-06-03 13:50:11:5011 - [35mhttp[39m: [35mPOST /api/movie 422 110 - 1.450 ms[39m
[35m[39m
2022-06-03 13:50:19:5019 - [35mhttp[39m: [35mPOST /api/movie 422 110 - 1.365 ms[39m
[35m[39m
2022-06-03 13:50:27:5027 - [35mhttp[39m: [35mPOST /api/movie 422 110 - 1.286 ms[39m
[35m[39m
2022-06-03 13:52:35:5235 - [35mhttp[39m: [35mPOST /api/movie 422 110 - 1.310 ms[39m
[35m[39m
2022-06-03 13:52:40:5240 - [35mhttp[39m: [35mPOST /api/movie 422 110 - 2.222 ms[39m
[35m[39m
2022-06-03 13:52:43:5243 - [35mhttp[39m: [35mPOST /api/movie 422 110 - 2.700 ms[39m
[35m[39m
2022-06-03 13:54:00:540 - [35mhttp[39m: [35mPOST /api/movie 422 110 - 2.438 ms[39m
[35m[39m
2022-06-03 13:54:07:547 - [35mhttp[39m: [35mPOST /api/movie 422 110 - 1.267 ms[39m
[35m[39m
2022-06-03 13:54:40:5440 - [35mhttp[39m: [35mPOST /api/movie 422 110 - 1.047 ms[39m
[35m[39m
2022-06-03 13:54:59:5459 - [35mhttp[39m: [35mPOST /api/movie 422 110 - 2.233 ms[39m
[35m[39m
2022-06-03 13:55:03:553 - [35mhttp[39m: [35mPOST /api/movie 422 110 - 2.231 ms[39m
[35m[39m
2022-06-03 13:55:11:5511 - [35mhttp[39m: [35mPOST /api/movie 422 110 - 1.236 ms[39m
[35m[39m
2022-06-03 13:55:37:5537 - [35mhttp[39m: [35mPOST /api/movie 422 110 - 1.304 ms[39m
[35m[39m
2022-06-03 13:55:44:5544 - [35mhttp[39m: [35mPOST /api/movie 422 153 - 1.019 ms[39m
[35m[39m
2022-06-03 13:55:56:5556 - [35mhttp[39m: [35mPOST /api/movie 422 110 - 0.791 ms[39m
[35m[39m
2022-06-03 13:56:02:562 - [35mhttp[39m: [35mPOST /api/movie 422 110 - 2.869 ms[39m
[35m[39m
2022-06-03 13:56:05:565 - [35mhttp[39m: [35mPOST /api/movie 422 110 - 1.105 ms[39m
[35m[39m
2022-06-03 13:59:43:5943 - [35mhttp[39m: [35mPOST /api/movie 422 110 - 0.717 ms[39m
[35m[39m
2022-06-03 13:59:55:5955 - [35mhttp[39m: [35mPOST /api/movie 422 110 - 1.150 ms[39m
[35m[39m
2022-06-03 14:00:28:028 - [35mhttp[39m: [35mPOST /api/movie 422 110 - 1.536 ms[39m
[35m[39m
2022-06-03 14:00:31:031 - [35mhttp[39m: [35mPOST /api/movie 422 110 - 0.962 ms[39m
[35m[39m
2022-06-03 14:00:39:039 - [35mhttp[39m: [35mPOST /api/movie 422 110 - 1.508 ms[39m
[35m[39m
2022-06-03 14:01:00:10 - [35mhttp[39m: [35mPOST /api/movie 422 110 - 2.323 ms[39m
[35m[39m
